<?xml version="1.0" encoding="UTF-8"?>
<!-- Generated by org.testng.reporters.JUnitReportReporter -->
<testsuite skipped="0" hostname="SAIPRAFFUL-PC" name="com.fbook.testclasses.LoginPageTest" tests="2" failures="0" timestamp="10 Mar 2018 16:51:11 GMT" time="245.138" errors="0">
  <testcase name="loginpagetitle" time="28.606" classname="com.fbook.testclasses.LoginPageTest"/>
  <testcase name="loginTest" time="216.532" classname="com.fbook.testclasses.LoginPageTest"/>
</testsuite> <!-- com.fbook.testclasses.LoginPageTest -->
